# JRE version: OpenJDK Runtime Environment Temurin-21.0.9+10 (21.0.9+10) (build 21.0.9+10-LTS)
# Java VM: OpenJDK 64-Bit Server VM Temurin-21.0.9+10 (21.0.9+10-LTS, mixed mode, sharing, tiered, compressed oops, compressed class ptrs, g1 gc, windows-amd64)
GC Precious Log:
 CardTable entry size: 512
 Card Set container configuration: InlinePtr #cards 4 size 8 Array Of Cards #cards 32 size 80 Howl #buckets 8 coarsen threshold 7372 Howl Bitmap #cards 1024 size 144 coarsen threshold 921 Card regions per heap region 1 cards per card region 8192
 CPUs: 8 total, 8 available
 Memory: 7998M
 Large Page Support: Disabled
 NUMA Support: Disabled
 Compressed Oops: Enabled (Zero based)
 Heap Region Size: 4M
 Heap Min Capacity: 8M
 Heap Initial Capacity: 128M
 Heap Max Capacity: 6G
 Pre-touch: Disabled
 Parallel Workers: 8
 Concurrent Workers: 2
 Concurrent Refinement Workers: 8
 Periodic GC: Disabled
Heap:
 garbage-first heap   total 610304K, used 314987K [0x0000000680000000, 0x0000000800000000)
  region size 4096K, 3 young (12288K), 3 survivors (12288K)
 Metaspace       used 121444K, committed 125504K, reserved 1179648K
  class space    used 16927K, committed 18816K, reserved 1048576K
GC Heap History (20 events):
Event: 38.917 GC heap after
{Heap after GC invocations=50 (full 0):
 garbage-first heap   total 507904K, used 256607K [0x0000000680000000, 0x0000000800000000)
  region size 4096K, 8 young (32768K), 8 survivors (32768K)
 Metaspace       used 120154K, committed 124224K, reserved 1179648K
  class space    used 16831K, committed 18688K, reserved 1048576K
}
Event: 40.067 GC heap before
{Heap before GC invocations=50 (full 0):
 garbage-first heap   total 507904K, used 440927K [0x0000000680000000, 0x0000000800000000)
  region size 4096K, 53 young (217088K), 8 survivors (32768K)
 Metaspace       used 120479K, committed 124544K, reserved 1179648K
  class space    used 16836K, committed 18688K, reserved 1048576K
}
Event: 40.092 GC heap after
{Heap after GC invocations=51 (full 0):
 garbage-first heap   total 507904K, used 260552K [0x0000000680000000, 0x0000000800000000)
  region size 4096K, 2 young (8192K), 2 survivors (8192K)
 Metaspace       used 120479K, committed 124544K, reserved 1179648K
  class space    used 16836K, committed 18688K, reserved 1048576K
}
Event: 40.929 GC heap before
{Heap before GC invocations=51 (full 0):
 garbage-first heap   total 507904K, used 448968K [0x0000000680000000, 0x0000000800000000)
  region size 4096K, 49 young (200704K), 2 survivors (8192K)
 Metaspace       used 121077K, committed 125120K, reserved 1179648K
  class space    used 16912K, committed 18752K, reserved 1048576K
}
Event: 40.948 GC heap after
{Heap after GC invocations=52 (full 0):
 garbage-first heap   total 507904K, used 270721K [0x0000000680000000, 0x0000000800000000)
  region size 4096K, 5 young (20480K), 5 survivors (20480K)
 Metaspace       used 121077K, committed 125120K, reserved 1179648K
  class space    used 16912K, committed 18752K, reserved 1048576K
}
Event: 41.692 GC heap before
{Heap before GC invocations=52 (full 0):
 garbage-first heap   total 507904K, used 455041K [0x0000000680000000, 0x0000000800000000)
  region size 4096K, 51 young (208896K), 5 survivors (20480K)
 Metaspace       used 121180K, committed 125312K, reserved 1179648K
  class space    used 16917K, committed 18816K, reserved 1048576K
}
Event: 41.722 GC heap after
{Heap after GC invocations=53 (full 0):
 garbage-first heap   total 610304K, used 287626K [0x0000000680000000, 0x0000000800000000)
  region size 4096K, 7 young (28672K), 7 survivors (28672K)
 Metaspace       used 121180K, committed 125312K, reserved 1179648K
  class space    used 16917K, committed 18816K, reserved 1048576K
}
Event: 42.988 GC heap before
{Heap before GC invocations=54 (full 0):
 garbage-first heap   total 610304K, used 537482K [0x0000000680000000, 0x0000000800000000)
  region size 4096K, 69 young (282624K), 7 survivors (28672K)
 Metaspace       used 121202K, committed 125312K, reserved 1179648K
  class space    used 16920K, committed 18816K, reserved 1048576K
}
Event: 43.047 GC heap after
{Heap after GC invocations=55 (full 0):
 garbage-first heap   total 610304K, used 311016K [0x0000000680000000, 0x0000000800000000)
  region size 4096K, 9 young (36864K), 9 survivors (36864K)
 Metaspace       used 121202K, committed 125312K, reserved 1179648K
  class space    used 16920K, committed 18816K, reserved 1048576K
}
Event: 43.692 GC heap before
{Heap before GC invocations=55 (full 0):
 garbage-first heap   total 610304K, used 544488K [0x0000000680000000, 0x0000000800000000)
  region size 4096K, 66 young (270336K), 9 survivors (36864K)
 Metaspace       used 121269K, committed 125376K, reserved 1179648K
  class space    used 16924K, committed 18816K, reserved 1048576K
}
Event: 43.741 GC heap after
{Heap after GC invocations=56 (full 0):
 garbage-first heap   total 610304K, used 325757K [0x0000000680000000, 0x0000000800000000)
  region size 4096K, 6 young (24576K), 6 survivors (24576K)
 Metaspace       used 121269K, committed 125376K, reserved 1179648K
  class space    used 16924K, committed 18816K, reserved 1048576K
}
Event: 44.563 GC heap before
{Heap before GC invocations=56 (full 0):
 garbage-first heap   total 610304K, used 546941K [0x0000000680000000, 0x0000000800000000)
  region size 4096K, 60 young (245760K), 6 survivors (24576K)
 Metaspace       used 121366K, committed 125440K, reserved 1179648K
  class space    used 16925K, committed 18816K, reserved 1048576K
}
Event: 44.586 GC heap after
{Heap after GC invocations=57 (full 0):
 garbage-first heap   total 610304K, used 335872K [0x0000000680000000, 0x0000000800000000)
  region size 4096K, 4 young (16384K), 4 survivors (16384K)
 Metaspace       used 121366K, committed 125440K, reserved 1179648K
  class space    used 16925K, committed 18816K, reserved 1048576K
}
Event: 46.042 GC heap before
{Heap before GC invocations=58 (full 0):
 garbage-first heap   total 610304K, used 557056K [0x0000000680000000, 0x0000000800000000)
  region size 4096K, 58 young (237568K), 4 survivors (16384K)
 Metaspace       used 121393K, committed 125440K, reserved 1179648K
  class space    used 16925K, committed 18816K, reserved 1048576K
}
Event: 46.054 GC heap after
{Heap after GC invocations=59 (full 0):
 garbage-first heap   total 610304K, used 331391K [0x0000000680000000, 0x0000000800000000)
  region size 4096K, 3 young (12288K), 3 survivors (12288K)
 Metaspace       used 121393K, committed 125440K, reserved 1179648K
  class space    used 16925K, committed 18816K, reserved 1048576K
}
Event: 47.079 GC heap before
{Heap before GC invocations=59 (full 0):
 garbage-first heap   total 610304K, used 560767K [0x0000000680000000, 0x0000000800000000)
  region size 4096K, 59 young (241664K), 3 survivors (12288K)
 Metaspace       used 121417K, committed 125504K, reserved 1179648K
  class space    used 16926K, committed 18816K, reserved 1048576K
}
Event: 47.107 GC heap after
{Heap after GC invocations=60 (full 0):
 garbage-first heap   total 610304K, used 300785K [0x0000000680000000, 0x0000000800000000)
  region size 4096K, 4 young (16384K), 4 survivors (16384K)
 Metaspace       used 121417K, committed 125504K, reserved 1179648K
  class space    used 16926K, committed 18816K, reserved 1048576K
}
Event: 47.836 GC heap before
{Heap before GC invocations=60 (full 0):
 garbage-first heap   total 610304K, used 554737K [0x0000000680000000, 0x0000000800000000)
  region size 4096K, 66 young (270336K), 4 survivors (16384K)
 Metaspace       used 121434K, committed 125504K, reserved 1179648K
  class space    used 16927K, committed 18816K, reserved 1048576K
}
Event: 47.863 GC heap after
{Heap after GC invocations=61 (full 0):
 garbage-first heap   total 610304K, used 320060K [0x0000000680000000, 0x0000000800000000)
  region size 4096K, 8 young (32768K), 8 survivors (32768K)
 Metaspace       used 121434K, committed 125504K, reserved 1179648K
  class space    used 16927K, committed 18816K, reserved 1048576K
}
Event: 48.438 GC heap before
{Heap before GC invocations=61 (full 0):
 garbage-first heap   total 610304K, used 557628K [0x0000000680000000, 0x0000000800000000)
  region size 4096K, 66 young (270336K), 8 survivors (32768K)
 Metaspace       used 121444K, committed 125504K, reserved 1179648K
  class space    used 16927K, committed 18816K, reserved 1048576K
}

