# JRE version: OpenJDK Runtime Environment Temurin-21.0.9+10 (21.0.9+10) (build 21.0.9+10-LTS)
# Java VM: OpenJDK 64-Bit Server VM Temurin-21.0.9+10 (21.0.9+10-LTS, mixed mode, sharing, tiered, compressed oops, compressed class ptrs, g1 gc, windows-amd64)
GC Precious Log:
 CardTable entry size: 512
 Card Set container configuration: InlinePtr #cards 4 size 8 Array Of Cards #cards 32 size 80 Howl #buckets 8 coarsen threshold 7372 Howl Bitmap #cards 1024 size 144 coarsen threshold 921 Card regions per heap region 1 cards per card region 8192
 CPUs: 8 total, 8 available
 Memory: 7998M
 Large Page Support: Disabled
 NUMA Support: Disabled
 Compressed Oops: Enabled (Zero based)
 Heap Region Size: 4M
 Heap Min Capacity: 8M
 Heap Initial Capacity: 128M
 Heap Max Capacity: 6G
 Pre-touch: Disabled
 Parallel Workers: 8
 Concurrent Workers: 2
 Concurrent Refinement Workers: 8
 Periodic GC: Disabled
Heap:
 garbage-first heap   total 1388544K, used 823146K [0x0000000680000000, 0x0000000800000000)
  region size 4096K, 16 young (65536K), 16 survivors (65536K)
 Metaspace       used 130517K, committed 134720K, reserved 1179648K
  class space    used 17932K, committed 19968K, reserved 1048576K
GC Heap History (20 events):
Event: 61.891 GC heap after
{Heap after GC invocations=66 (full 0):
 garbage-first heap   total 917504K, used 351571K [0x0000000680000000, 0x0000000800000000)
  region size 4096K, 10 young (40960K), 10 survivors (40960K)
 Metaspace       used 119473K, committed 123392K, reserved 1179648K
  class space    used 16638K, committed 18496K, reserved 1048576K
}
Event: 70.775 GC heap before
{Heap before GC invocations=66 (full 0):
 garbage-first heap   total 917504K, used 838995K [0x0000000680000000, 0x0000000800000000)
  region size 4096K, 130 young (532480K), 10 survivors (40960K)
 Metaspace       used 121025K, committed 124992K, reserved 1179648K
  class space    used 16864K, committed 18752K, reserved 1048576K
}
Event: 71.022 GC heap after
{Heap after GC invocations=67 (full 0):
 garbage-first heap   total 937984K, used 366661K [0x0000000680000000, 0x0000000800000000)
  region size 4096K, 17 young (69632K), 17 survivors (69632K)
 Metaspace       used 121025K, committed 124992K, reserved 1179648K
  class space    used 16864K, committed 18752K, reserved 1048576K
}
Event: 85.100 GC heap before
{Heap before GC invocations=67 (full 0):
 garbage-first heap   total 937984K, used 755781K [0x0000000680000000, 0x0000000800000000)
  region size 4096K, 114 young (466944K), 17 survivors (69632K)
 Metaspace       used 129815K, committed 133952K, reserved 1179648K
  class space    used 17882K, committed 19904K, reserved 1048576K
}
Event: 85.242 GC heap after
{Heap after GC invocations=68 (full 0):
 garbage-first heap   total 937984K, used 405275K [0x0000000680000000, 0x0000000800000000)
  region size 4096K, 12 young (49152K), 12 survivors (49152K)
 Metaspace       used 129815K, committed 133952K, reserved 1179648K
  class space    used 17882K, committed 19904K, reserved 1048576K
}
Event: 90.125 GC heap before
{Heap before GC invocations=69 (full 0):
 garbage-first heap   total 937984K, used 823067K [0x0000000680000000, 0x0000000800000000)
  region size 4096K, 114 young (466944K), 12 survivors (49152K)
 Metaspace       used 129965K, committed 134144K, reserved 1179648K
  class space    used 17889K, committed 19904K, reserved 1048576K
}
Event: 90.203 GC heap after
{Heap after GC invocations=70 (full 0):
 garbage-first heap   total 954368K, used 483328K [0x0000000680000000, 0x0000000800000000)
  region size 4096K, 15 young (61440K), 15 survivors (61440K)
 Metaspace       used 129965K, committed 134144K, reserved 1179648K
  class space    used 17889K, committed 19904K, reserved 1048576K
}
Event: 91.114 GC heap before
{Heap before GC invocations=70 (full 0):
 garbage-first heap   total 954368K, used 823296K [0x0000000680000000, 0x0000000800000000)
  region size 4096K, 97 young (397312K), 15 survivors (61440K)
 Metaspace       used 130483K, committed 134720K, reserved 1179648K
  class space    used 17931K, committed 19968K, reserved 1048576K
}
Event: 91.272 GC heap after
{Heap after GC invocations=71 (full 0):
 garbage-first heap   total 966656K, used 550912K [0x0000000680000000, 0x0000000800000000)
  region size 4096K, 13 young (53248K), 13 survivors (53248K)
 Metaspace       used 130483K, committed 134720K, reserved 1179648K
  class space    used 17931K, committed 19968K, reserved 1048576K
}
Event: 91.613 GC heap before
{Heap before GC invocations=71 (full 0):
 garbage-first heap   total 966656K, used 821248K [0x0000000680000000, 0x0000000800000000)
  region size 4096K, 80 young (327680K), 13 survivors (53248K)
 Metaspace       used 130495K, committed 134720K, reserved 1179648K
  class space    used 17932K, committed 19968K, reserved 1048576K
}
Event: 91.673 GC heap after
{Heap after GC invocations=72 (full 0):
 garbage-first heap   total 1388544K, used 584797K [0x0000000680000000, 0x0000000800000000)
  region size 4096K, 8 young (32768K), 8 survivors (32768K)
 Metaspace       used 130495K, committed 134720K, reserved 1179648K
  class space    used 17932K, committed 19968K, reserved 1048576K
}
Event: 94.224 GC heap before
{Heap before GC invocations=72 (full 0):
 garbage-first heap   total 1388544K, used 1150045K [0x0000000680000000, 0x0000000800000000)
  region size 4096K, 148 young (606208K), 8 survivors (32768K)
 Metaspace       used 130501K, committed 134720K, reserved 1179648K
  class space    used 17932K, committed 19968K, reserved 1048576K
}
Event: 94.330 GC heap after
{Heap after GC invocations=73 (full 0):
 garbage-first heap   total 1388544K, used 615277K [0x0000000680000000, 0x0000000800000000)
  region size 4096K, 16 young (65536K), 16 survivors (65536K)
 Metaspace       used 130501K, committed 134720K, reserved 1179648K
  class space    used 17932K, committed 19968K, reserved 1048576K
}
Event: 95.604 GC heap before
{Heap before GC invocations=74 (full 0):
 garbage-first heap   total 1388544K, used 1188717K [0x0000000680000000, 0x0000000800000000)
  region size 4096K, 156 young (638976K), 16 survivors (65536K)
 Metaspace       used 130516K, committed 134720K, reserved 1179648K
  class space    used 17932K, committed 19968K, reserved 1048576K
}
Event: 95.752 GC heap after
{Heap after GC invocations=75 (full 0):
 garbage-first heap   total 1388544K, used 663552K [0x0000000680000000, 0x0000000800000000)
  region size 4096K, 20 young (81920K), 20 survivors (81920K)
 Metaspace       used 130516K, committed 134720K, reserved 1179648K
  class space    used 17932K, committed 19968K, reserved 1048576K
}
Event: 96.814 GC heap before
{Heap before GC invocations=75 (full 0):
 garbage-first heap   total 1388544K, used 1118208K [0x0000000680000000, 0x0000000800000000)
  region size 4096K, 132 young (540672K), 20 survivors (81920K)
 Metaspace       used 130517K, committed 134720K, reserved 1179648K
  class space    used 17932K, committed 19968K, reserved 1048576K
}
Event: 97.060 GC heap after
{Heap after GC invocations=76 (full 0):
 garbage-first heap   total 1388544K, used 715635K [0x0000000680000000, 0x0000000800000000)
  region size 4096K, 14 young (57344K), 14 survivors (57344K)
 Metaspace       used 130517K, committed 134720K, reserved 1179648K
  class space    used 17932K, committed 19968K, reserved 1048576K
}
Event: 98.022 GC heap before
{Heap before GC invocations=76 (full 0):
 garbage-first heap   total 1388544K, used 1112947K [0x0000000680000000, 0x0000000800000000)
  region size 4096K, 112 young (458752K), 14 survivors (57344K)
 Metaspace       used 130517K, committed 134720K, reserved 1179648K
  class space    used 17932K, committed 19968K, reserved 1048576K
}
Event: 98.102 GC heap after
{Heap after GC invocations=77 (full 0):
 garbage-first heap   total 1388544K, used 768481K [0x0000000680000000, 0x0000000800000000)
  region size 4096K, 14 young (57344K), 14 survivors (57344K)
 Metaspace       used 130517K, committed 134720K, reserved 1179648K
  class space    used 17932K, committed 19968K, reserved 1048576K
}
Event: 98.801 GC heap before
{Heap before GC invocations=77 (full 0):
 garbage-first heap   total 1388544K, used 1235425K [0x0000000680000000, 0x0000000800000000)
  region size 4096K, 129 young (528384K), 14 survivors (57344K)
 Metaspace       used 130517K, committed 134720K, reserved 1179648K
  class space    used 17932K, committed 19968K, reserved 1048576K
}

