# JRE version: OpenJDK Runtime Environment Temurin-21.0.9+10 (21.0.9+10) (build 21.0.9+10-LTS)
# Java VM: OpenJDK 64-Bit Server VM Temurin-21.0.9+10 (21.0.9+10-LTS, mixed mode, sharing, tiered, compressed oops, compressed class ptrs, g1 gc, windows-amd64)
GC Precious Log:
 CardTable entry size: 512
 Card Set container configuration: InlinePtr #cards 4 size 8 Array Of Cards #cards 32 size 80 Howl #buckets 8 coarsen threshold 7372 Howl Bitmap #cards 1024 size 144 coarsen threshold 921 Card regions per heap region 1 cards per card region 8192
 CPUs: 8 total, 8 available
 Memory: 7998M
 Large Page Support: Disabled
 NUMA Support: Disabled
 Compressed Oops: Enabled (Zero based)
 Heap Region Size: 4M
 Heap Min Capacity: 8M
 Heap Initial Capacity: 128M
 Heap Max Capacity: 6G
 Pre-touch: Disabled
 Parallel Workers: 8
 Concurrent Workers: 2
 Concurrent Refinement Workers: 8
 Periodic GC: Disabled
Heap:
 garbage-first heap   total 245760K, used 164825K [0x0000000680000000, 0x0000000800000000)
  region size 4096K, 5 young (20480K), 3 survivors (12288K)
 Metaspace       used 91369K, committed 94336K, reserved 1179648K
  class space    used 13152K, committed 14656K, reserved 1048576K
GC Heap History (20 events):
Event: 52.990 GC heap before
{Heap before GC invocations=34 (full 0):
 garbage-first heap   total 172032K, used 148843K [0x0000000680000000, 0x0000000800000000)
  region size 4096K, 15 young (61440K), 3 survivors (12288K)
 Metaspace       used 79175K, committed 81728K, reserved 1179648K
  class space    used 11477K, committed 12736K, reserved 1048576K
}
Event: 53.006 GC heap after
{Heap after GC invocations=35 (full 0):
 garbage-first heap   total 172032K, used 104330K [0x0000000680000000, 0x0000000800000000)
  region size 4096K, 2 young (8192K), 2 survivors (8192K)
 Metaspace       used 79175K, committed 81728K, reserved 1179648K
  class space    used 11477K, committed 12736K, reserved 1048576K
}
Event: 54.214 GC heap before
{Heap before GC invocations=36 (full 0):
 garbage-first heap   total 184320K, used 149386K [0x0000000680000000, 0x0000000800000000)
  region size 4096K, 13 young (53248K), 2 survivors (8192K)
 Metaspace       used 81353K, committed 84032K, reserved 1179648K
  class space    used 11697K, committed 13056K, reserved 1048576K
}
Event: 54.224 GC heap after
{Heap after GC invocations=37 (full 0):
 garbage-first heap   total 184320K, used 109129K [0x0000000680000000, 0x0000000800000000)
  region size 4096K, 2 young (8192K), 2 survivors (8192K)
 Metaspace       used 81353K, committed 84032K, reserved 1179648K
  class space    used 11697K, committed 13056K, reserved 1048576K
}
Event: 56.254 GC heap before
{Heap before GC invocations=37 (full 0):
 garbage-first heap   total 184320K, used 154185K [0x0000000680000000, 0x0000000800000000)
  region size 4096K, 14 young (57344K), 2 survivors (8192K)
 Metaspace       used 82882K, committed 85504K, reserved 1179648K
  class space    used 11925K, committed 13248K, reserved 1048576K
}
Event: 56.268 GC heap after
{Heap after GC invocations=38 (full 0):
 garbage-first heap   total 184320K, used 114800K [0x0000000680000000, 0x0000000800000000)
  region size 4096K, 2 young (8192K), 2 survivors (8192K)
 Metaspace       used 82882K, committed 85504K, reserved 1179648K
  class space    used 11925K, committed 13248K, reserved 1048576K
}
Event: 57.351 GC heap before
{Heap before GC invocations=38 (full 0):
 garbage-first heap   total 184320K, used 159856K [0x0000000680000000, 0x0000000800000000)
  region size 4096K, 13 young (53248K), 2 survivors (8192K)
 Metaspace       used 83526K, committed 86144K, reserved 1179648K
  class space    used 12024K, committed 13312K, reserved 1048576K
}
Event: 57.364 GC heap after
{Heap after GC invocations=39 (full 0):
 garbage-first heap   total 184320K, used 117712K [0x0000000680000000, 0x0000000800000000)
  region size 4096K, 1 young (4096K), 1 survivors (4096K)
 Metaspace       used 83526K, committed 86144K, reserved 1179648K
  class space    used 12024K, committed 13312K, reserved 1048576K
}
Event: 58.267 GC heap before
{Heap before GC invocations=39 (full 0):
 garbage-first heap   total 184320K, used 162768K [0x0000000680000000, 0x0000000800000000)
  region size 4096K, 12 young (49152K), 1 survivors (4096K)
 Metaspace       used 84709K, committed 87488K, reserved 1179648K
  class space    used 12223K, committed 13632K, reserved 1048576K
}
Event: 58.278 GC heap after
{Heap after GC invocations=40 (full 0):
 garbage-first heap   total 184320K, used 121619K [0x0000000680000000, 0x0000000800000000)
  region size 4096K, 2 young (8192K), 2 survivors (8192K)
 Metaspace       used 84709K, committed 87488K, reserved 1179648K
  class space    used 12223K, committed 13632K, reserved 1048576K
}
Event: 59.698 GC heap before
{Heap before GC invocations=41 (full 0):
 garbage-first heap   total 204800K, used 166675K [0x0000000680000000, 0x0000000800000000)
  region size 4096K, 13 young (53248K), 2 survivors (8192K)
 Metaspace       used 85355K, committed 88064K, reserved 1179648K
  class space    used 12273K, committed 13632K, reserved 1048576K
}
Event: 59.713 GC heap after
{Heap after GC invocations=42 (full 0):
 garbage-first heap   total 204800K, used 127090K [0x0000000680000000, 0x0000000800000000)
  region size 4096K, 2 young (8192K), 2 survivors (8192K)
 Metaspace       used 85355K, committed 88064K, reserved 1179648K
  class space    used 12273K, committed 13632K, reserved 1048576K
}
Event: 60.541 GC heap before
{Heap before GC invocations=42 (full 0):
 garbage-first heap   total 204800K, used 180338K [0x0000000680000000, 0x0000000800000000)
  region size 4096K, 15 young (61440K), 2 survivors (8192K)
 Metaspace       used 87160K, committed 90048K, reserved 1179648K
  class space    used 12562K, committed 14016K, reserved 1048576K
}
Event: 60.561 GC heap after
{Heap after GC invocations=43 (full 0):
 garbage-first heap   total 245760K, used 129271K [0x0000000680000000, 0x0000000800000000)
  region size 4096K, 2 young (8192K), 2 survivors (8192K)
 Metaspace       used 87160K, committed 90048K, reserved 1179648K
  class space    used 12562K, committed 14016K, reserved 1048576K
}
Event: 61.957 GC heap before
{Heap before GC invocations=43 (full 0):
 garbage-first heap   total 245760K, used 211191K [0x0000000680000000, 0x0000000800000000)
  region size 4096K, 22 young (90112K), 2 survivors (8192K)
 Metaspace       used 89646K, committed 92544K, reserved 1179648K
  class space    used 12923K, committed 14400K, reserved 1048576K
}
Event: 61.970 GC heap after
{Heap after GC invocations=44 (full 0):
 garbage-first heap   total 245760K, used 137392K [0x0000000680000000, 0x0000000800000000)
  region size 4096K, 3 young (12288K), 3 survivors (12288K)
 Metaspace       used 89646K, committed 92544K, reserved 1179648K
  class space    used 12923K, committed 14400K, reserved 1048576K
}
Event: 63.698 GC heap before
{Heap before GC invocations=44 (full 0):
 garbage-first heap   total 245760K, used 215216K [0x0000000680000000, 0x0000000800000000)
  region size 4096K, 22 young (90112K), 3 survivors (12288K)
 Metaspace       used 90119K, committed 92992K, reserved 1179648K
  class space    used 12940K, committed 14400K, reserved 1048576K
}
Event: 63.735 GC heap after
{Heap after GC invocations=45 (full 0):
 garbage-first heap   total 245760K, used 150716K [0x0000000680000000, 0x0000000800000000)
  region size 4096K, 3 young (12288K), 3 survivors (12288K)
 Metaspace       used 90119K, committed 92992K, reserved 1179648K
  class space    used 12940K, committed 14400K, reserved 1048576K
}
Event: 64.840 GC heap before
{Heap before GC invocations=45 (full 0):
 garbage-first heap   total 245760K, used 216252K [0x0000000680000000, 0x0000000800000000)
  region size 4096K, 19 young (77824K), 3 survivors (12288K)
 Metaspace       used 91300K, committed 94208K, reserved 1179648K
  class space    used 13146K, committed 14592K, reserved 1048576K
}
Event: 64.860 GC heap after
{Heap after GC invocations=46 (full 0):
 garbage-first heap   total 245760K, used 160729K [0x0000000680000000, 0x0000000800000000)
  region size 4096K, 3 young (12288K), 3 survivors (12288K)
 Metaspace       used 91300K, committed 94208K, reserved 1179648K
  class space    used 13146K, committed 14592K, reserved 1048576K
}

